#
# A fatal error has been detected by the Java Runtime Environment:
#
#  SIGSEGV (0xb) at pc=0x000000010884a500, pid=14372, tid=11011
#
# JRE version: Java(TM) SE Runtime Environment (7.0_51-b13) (build 1.7.0_51-b13)
# Java VM: Java HotSpot(TM) 64-Bit Server VM (24.51-b03 mixed mode bsd-amd64 compressed oops)
# Problematic frame:
# V  [libjvm.dylib+0x44a500]
#
# Failed to write core dump. Core dumps have been disabled. To enable core dumping, try "ulimit -c unlimited" before starting Java again
#
# If you would like to submit a bug report, please visit:
#   http://bugreport.sun.com/bugreport/crash.jsp
#

---------------  T H R E A D  ---------------

Current thread (0x00007fc1f9803000):  GCTaskThread [stack: 0x000000010c6f7000,0x000000010c7f7000] [id=11011]

siginfo:si_signo=SIGSEGV: si_errno=0, si_code=0 (SEGV0), si_addr=0x0000000000000000

Registers:
RAX=0x00000007fdef90b3, RBX=0x00007fc1f8c12d50, RCX=0x0000000000001a03, RDX=0x00000007bea3c900
RSP=0x000000010c7f6cc0, RBP=0x000000010c7f6d30, RSI=0x00007fc1f8c12d50, RDI=0x00000007f8000010
R8 =0x00000000000002d8, R9 =0x000000000000f8fa, R10=0x0488209041008000, R11=0x0000000000000400
R12=0x00000007bea3c900, R13=0x000000010897308f, R14=0x00007fc1f8c12d58, R15=0x0000000108b705c0
RIP=0x000000010884a500, EFLAGS=0x0000000000010202, ERR=0x0000000000000000
  TRAPNO=0x000000000000000d

Top of Stack: (sp=0x000000010c7f6cc0)
0x000000010c7f6cc0:   00007fc1f8c12d90 00007fc1f8c12dd8
0x000000010c7f6cd0:   00007fc1f8c12e10 0000000108789355
0x000000010c7f6ce0:   000000010c7f6d5c 0000000000000000
0x000000010c7f6cf0:   000000010c7f6d88 00007fc1f8c12d50
0x000000010c7f6d00:   000000010c7f6d30 00007fc1f8c12d50
0x000000010c7f6d10:   0000000000000000 000000010897308f
0x000000010c7f6d20:   00007fc1f8d04ec0 0000000000000001
0x000000010c7f6d30:   000000010c7f6db0 000000010883e5e2
0x000000010c7f6d40:   000000010c7f6d80 00007fff92fce8f3
0x000000010c7f6d50:   00007fc1f8e0a828 0000206000000003
0x000000010c7f6d60:   0003330000033300 00007fc1f8d04ec0
0x000000010c7f6d70:   00007fc1f8e09730 0000000000000003
0x000000010c7f6d80:   000000010c7f6db0 0000000108bf6910
0x000000010c7f6d90:   000000010c7f6d00 0000000000000000
0x000000010c7f6da0:   00007fc1f8c12d50 00007fc1f9803000
0x000000010c7f6db0:   000000010c7f6e90 0000000108669bc7
0x000000010c7f6dc0:   000000010c7f6df0 00007fc1f8d033e0
0x000000010c7f6dd0:   00007fc1f8d03410 00007fc1f8d03420
0x000000010c7f6de0:   00007fc1f8d037f8 00000000000003d8
0x000000010c7f6df0:   00007fc1f9803000 00007fc1f8d03800
0x000000010c7f6e00:   00007fc1f8d03830 00007fc1f8d03840
0x000000010c7f6e10:   00007fc1f8d03c18 00000000000003d8
0x000000010c7f6e20:   000000010c7f6e30 0000000000000000
0x000000010c7f6e30:   00007fc1f9803000 00007fc1f8d03800
0x000000010c7f6e40:   00007fc1f8d03830 00007fc1f8d03840
0x000000010c7f6e50:   00007fc1f8d03c18 00000000000003d8
0x000000010c7f6e60:   00007fc1f8d03c20 00007fc1f9803000
0x000000010c7f6e70:   0000000000124fad 0000000004000000
0x000000010c7f6e80:   00007fc1f8d044e0 00007fc1f8d04550
0x000000010c7f6e90:   000000010c7f6ef0 000000010881b1d6
0x000000010c7f6ea0:   0000000000000000 00007fc1f8d04550
0x000000010c7f6eb0:   0000000600000000 0000000000124fad 

Instructions: (pc=0x000000010884a500)
0x000000010884a4e0:   41 8b 7c 24 08 48 d3 e7 49 03 3f eb 05 49 8b 7c
0x000000010884a4f0:   24 08 48 8b 47 10 48 83 c7 10 48 89 de 4c 89 e2
0x000000010884a500:   ff 90 d8 00 00 00 8b 43 08 89 c1 2b 4b 10 f7 c1
0x000000010884a510:   ff ff 01 00 74 61 05 ff ff 01 00 89 c6 81 e6 ff 

Register to memory mapping:

RAX=0x00000007fdef90b3 is an unknown value
RBX=0x00007fc1f8c12d50 is an unknown value
RCX=0x0000000000001a03 is an unknown value
RDX=0x00000007bea3c900 is an oop

[error occurred during error reporting (printing register info), id 0xb]

Stack: [0x000000010c6f7000,0x000000010c7f7000],  sp=0x000000010c7f6cc0,  free space=1023k
Native frames: (J=compiled Java code, j=interpreted, Vv=VM code, C=native code)
V  [libjvm.dylib+0x44a500]
V  [libjvm.dylib+0x43e5e2]
V  [libjvm.dylib+0x269bc7]
V  [libjvm.dylib+0x41b1d6]
C  [libsystem_pthread.dylib+0x1899]  _pthread_body+0x8a
C  [libsystem_pthread.dylib+0x172a]  _pthread_struct_init+0x0
C  [libsystem_pthread.dylib+0x5fc9]  thread_start+0xd


---------------  P R O C E S S  ---------------

Java Threads: ( => current thread )
  0x00007fc1fa51d800 JavaThread "Stdin handler" [_thread_blocked, id=22119, stack(0x0000000111957000,0x0000000111a57000)]
  0x00007fc1fd23f000 JavaThread "Handler for socket connection at /127.0.0.1:63539 with /127.0.0.1:49616" [_thread_in_native, id=24443, stack(0x0000000111727000,0x0000000111827000)]
  0x00007fc1faf4f800 JavaThread "process reaper" daemon [_thread_blocked, id=28755, stack(0x00000001111f5000,0x000000011121d000)]
  0x00007fc1fb434800 JavaThread "Daemon Thread 9" [_thread_blocked, id=21027, stack(0x00000001115e2000,0x00000001116e2000)]
  0x00007fc1f929e000 JavaThread "File lock request listener" [_thread_in_native, id=15115, stack(0x00000001125d7000,0x00000001126d7000)]
  0x00007fc1f9213800 JavaThread "Incoming local TCP Connector on port 63539" [_thread_in_native, id=20483, stack(0x00000001114df000,0x00000001115df000)]
  0x00007fc1f903a000 JavaThread "Service Thread" daemon [_thread_blocked, id=19459, stack(0x0000000110ca8000,0x0000000110da8000)]
  0x00007fc1f9039800 JavaThread "C2 CompilerThread1" daemon [_thread_blocked, id=18947, stack(0x0000000110ba5000,0x0000000110ca5000)]
  0x00007fc1fa811800 JavaThread "C2 CompilerThread0" daemon [_thread_blocked, id=18435, stack(0x0000000110aa2000,0x0000000110ba2000)]
  0x00007fc1f9025000 JavaThread "Signal Dispatcher" daemon [_thread_blocked, id=17923, stack(0x000000011099f000,0x0000000110a9f000)]
  0x00007fc1fa806000 JavaThread "Finalizer" daemon [_thread_blocked, id=12547, stack(0x000000011074f000,0x000000011084f000)]
  0x00007fc1f901d800 JavaThread "Reference Handler" daemon [_thread_blocked, id=12035, stack(0x000000011064c000,0x000000011074c000)]
  0x00007fc1fa001000 JavaThread "main" [_thread_blocked, id=6403, stack(0x0000000108e54000,0x0000000108f54000)]

Other Threads:
  0x00007fc1f901c800 VMThread [stack: 0x0000000110549000,0x0000000110649000] [id=11523]
  0x00007fc1f902b000 WatcherThread [stack: 0x0000000110dab000,0x0000000110eab000] [id=19971]

=>0x00007fc1f9803000 (exited) GCTaskThread [stack: 0x000000010c6f7000,0x000000010c7f7000] [id=11011]

VM state:at safepoint (normal execution)

VM Mutex/Monitor currently owned by a thread:  ([mutex/lock_event])
[0x00007fc1f8c101b0] Threads_lock - owner thread: 0x00007fc1f901c800
[0x00007fc1f8c106b0] Heap_lock - owner thread: 0x00007fc1fb434800

Heap
 PSYoungGen      total 254464K, used 41445K [0x00000007eaa80000, 0x00000007ff400000, 0x0000000800000000)
  eden space 174592K, 0% used [0x00000007eaa80000,0x00000007eaa80000,0x00000007f5500000)
  from space 79872K, 51% used [0x00000007fa600000,0x00000007fce79530,0x00000007ff400000)
  to   space 81408K, 0% used [0x00000007f5500000,0x00000007f5500000,0x00000007fa480000)
 ParOldGen       total 342528K, used 121409K [0x00000007c0000000, 0x00000007d4e80000, 0x00000007eaa80000)
  object space 342528K, 35% used [0x00000007c0000000,0x00000007c7690698,0x00000007d4e80000)
 PSPermGen       total 262144K, used 262143K [0x00000007b0000000, 0x00000007c0000000, 0x00000007c0000000)
  object space 262144K, 99% used [0x00000007b0000000,0x00000007bfffffc8,0x00000007c0000000)

Card table byte_map: [0x000000010c016000,0x000000010c297000] byte_map_base: 0x0000000108296000

Polling page: 0x0000000107b6b000

Code Cache  [0x0000000108f56000, 0x00000001096e6000, 0x000000010bf56000)
 total_blobs=2570 nmethods=1955 adapters=568 free_code_cache=41541Kb largest_free_block=42447104

Compilation events (10 events):
Event: 4313.063 Thread 0x00007fc1fa811800 2134             java.nio.channels.spi.AbstractInterruptibleChannel::blockedOn (13 bytes)
Event: 4313.063 Thread 0x00007fc1f9039800 2135             org.gradle.execution.taskgraph.TaskInfo::getTask (5 bytes)
Event: 4313.064 Thread 0x00007fc1f9039800 nmethod 2135 0x00000001096d2fd0 code [0x00000001096d3100, 0x00000001096d3178]
Event: 4313.065 Thread 0x00007fc1fa811800 nmethod 2134 0x00000001096c2c50 code [0x00000001096c2da0, 0x00000001096c3038]
Event: 4313.381 Thread 0x00007fc1f9039800 2136             sun.security.provider.ByteArrayAccess::i2bBig4 (111 bytes)
Event: 4313.381 Thread 0x00007fc1f9039800 nmethod 2136 0x00000001096c2a10 code [0x00000001096c2b40, 0x00000001096c2bb8]
Event: 4327.025 Thread 0x00007fc1fa811800 2137             org.gradle.internal.classpath.DefaultClassPath::<init> (56 bytes)
Event: 4327.030 Thread 0x00007fc1fa811800 nmethod 2137 0x00000001096d4050 code [0x00000001096d41e0, 0x00000001096d4548]
Event: 4327.112 Thread 0x00007fc1f9039800 2138  s          java.util.Vector::indexOf (67 bytes)
Event: 4327.116 Thread 0x00007fc1f9039800 nmethod 2138 0x00000001096d3950 code [0x00000001096d3aa0, 0x00000001096d3f38]

GC Heap History (10 events):
Event: 4209.273 GC heap after
Heap after GC invocations=59 (full 12):
 PSYoungGen      total 241664K, used 12497K [0x00000007eaa80000, 0x0000000800000000, 0x0000000800000000)
  eden space 148480K, 0% used [0x00000007eaa80000,0x00000007eaa80000,0x00000007f3b80000)
  from space 93184K, 13% used [0x00000007f3b80000,0x00000007f47b4538,0x00000007f9680000)
  to   space 93184K, 0% used [0x00000007fa500000,0x00000007fa500000,0x0000000800000000)
 ParOldGen       total 342528K, used 314720K [0x00000007c0000000, 0x00000007d4e80000, 0x00000007eaa80000)
  object space 342528K, 91% used [0x00000007c0000000,0x00000007d33580c8,0x00000007d4e80000)
 PSPermGen       total 262144K, used 255573K [0x00000007b0000000, 0x00000007c0000000, 0x00000007c0000000)
  object space 262144K, 97% used [0x00000007b0000000,0x00000007bf995620,0x00000007c0000000)
}
Event: 4209.273 GC heap before
{Heap before GC invocations=60 (full 13):
 PSYoungGen      total 241664K, used 12497K [0x00000007eaa80000, 0x0000000800000000, 0x0000000800000000)
  eden space 148480K, 0% used [0x00000007eaa80000,0x00000007eaa80000,0x00000007f3b80000)
  from space 93184K, 13% used [0x00000007f3b80000,0x00000007f47b4538,0x00000007f9680000)
  to   space 93184K, 0% used [0x00000007fa500000,0x00000007fa500000,0x0000000800000000)
 ParOldGen       total 342528K, used 314720K [0x00000007c0000000, 0x00000007d4e80000, 0x00000007eaa80000)
  object space 342528K, 91% used [0x00000007c0000000,0x00000007d33580c8,0x00000007d4e80000)
 PSPermGen       total 262144K, used 255573K [0x00000007b0000000, 0x00000007c0000000, 0x00000007c0000000)
  object space 262144K, 97% used [0x00000007b0000000,0x00000007bf995620,0x00000007c0000000)
Event: 4212.169 GC heap after
Heap after GC invocations=60 (full 13):
 PSYoungGen      total 241664K, used 0K [0x00000007eaa80000, 0x0000000800000000, 0x0000000800000000)
  eden space 148480K, 0% used [0x00000007eaa80000,0x00000007eaa80000,0x00000007f3b80000)
  from space 93184K, 0% used [0x00000007f3b80000,0x00000007f3b80000,0x00000007f9680000)
  to   space 93184K, 0% used [0x00000007fa500000,0x00000007fa500000,0x0000000800000000)
 ParOldGen       total 342528K, used 121409K [0x00000007c0000000, 0x00000007d4e80000, 0x00000007eaa80000)
  object space 342528K, 35% used [0x00000007c0000000,0x00000007c7690698,0x00000007d4e80000)
 PSPermGen       total 262144K, used 247117K [0x00000007b0000000, 0x00000007c0000000, 0x00000007c0000000)
  object space 262144K, 94% used [0x00000007b0000000,0x00000007bf153748,0x00000007c0000000)
}
Event: 4220.983 GC heap before
{Heap before GC invocations=61 (full 13):
 PSYoungGen      total 241664K, used 148480K [0x00000007eaa80000, 0x0000000800000000, 0x0000000800000000)
  eden space 148480K, 100% used [0x00000007eaa80000,0x00000007f3b80000,0x00000007f3b80000)
  from space 93184K, 0% used [0x00000007f3b80000,0x00000007f3b80000,0x00000007f9680000)
  to   space 93184K, 0% used [0x00000007fa500000,0x00000007fa500000,0x0000000800000000)
 ParOldGen       total 342528K, used 121409K [0x00000007c0000000, 0x00000007d4e80000, 0x00000007eaa80000)
  object space 342528K, 35% used [0x00000007c0000000,0x00000007c7690698,0x00000007d4e80000)
 PSPermGen       total 262144K, used 252933K [0x00000007b0000000, 0x00000007c0000000, 0x00000007c0000000)
  object space 262144K, 96% used [0x00000007b0000000,0x00000007bf701730,0x00000007c0000000)
Event: 4221.025 GC heap after
Heap after GC invocations=61 (full 13):
 PSYoungGen      total 250368K, used 25763K [0x00000007eaa80000, 0x00000007ffa00000, 0x0000000800000000)
  eden space 163328K, 0% used [0x00000007eaa80000,0x00000007eaa80000,0x00000007f4a00000)
  from space 87040K, 29% used [0x00000007fa500000,0x00000007fbe28c60,0x00000007ffa00000)
  to   space 90112K, 0% used [0x00000007f4a00000,0x00000007f4a00000,0x00000007fa200000)
 ParOldGen       total 342528K, used 121409K [0x00000007c0000000, 0x00000007d4e80000, 0x00000007eaa80000)
  object space 342528K, 35% used [0x00000007c0000000,0x00000007c7690698,0x00000007d4e80000)
 PSPermGen       total 262144K, used 252933K [0x00000007b0000000, 0x00000007c0000000, 0x00000007c0000000)
  object space 262144K, 96% used [0x00000007b0000000,0x00000007bf701730,0x00000007c0000000)
}
Event: 4312.743 GC heap before
{Heap before GC invocations=62 (full 13):
 PSYoungGen      total 250368K, used 189091K [0x00000007eaa80000, 0x00000007ffa00000, 0x0000000800000000)
  eden space 163328K, 100% used [0x00000007eaa80000,0x00000007f4a00000,0x00000007f4a00000)
  from space 87040K, 29% used [0x00000007fa500000,0x00000007fbe28c60,0x00000007ffa00000)
  to   space 90112K, 0% used [0x00000007f4a00000,0x00000007f4a00000,0x00000007fa200000)
 ParOldGen       total 342528K, used 121409K [0x00000007c0000000, 0x00000007d4e80000, 0x00000007eaa80000)
  object space 342528K, 35% used [0x00000007c0000000,0x00000007c7690698,0x00000007d4e80000)
 PSPermGen       total 262144K, used 258617K [0x00000007b0000000, 0x00000007c0000000, 0x00000007c0000000)
  object space 262144K, 98% used [0x00000007b0000000,0x00000007bfc8e530,0x00000007c0000000)
Event: 4312.807 GC heap after
Heap after GC invocations=62 (full 13):
 PSYoungGen      total 253440K, used 38596K [0x00000007eaa80000, 0x00000007ff900000, 0x0000000800000000)
  eden space 163328K, 0% used [0x00000007eaa80000,0x00000007eaa80000,0x00000007f4a00000)
  from space 90112K, 42% used [0x00000007f4a00000,0x00000007f6fb1190,0x00000007fa200000)
  to   space 84992K, 0% used [0x00000007fa600000,0x00000007fa600000,0x00000007ff900000)
 ParOldGen       total 342528K, used 121409K [0x00000007c0000000, 0x00000007d4e80000, 0x00000007eaa80000)
  object space 342528K, 35% used [0x00000007c0000000,0x00000007c7690698,0x00000007d4e80000)
 PSPermGen       total 262144K, used 258617K [0x00000007b0000000, 0x00000007c0000000, 0x00000007c0000000)
  object space 262144K, 98% used [0x00000007b0000000,0x00000007bfc8e530,0x00000007c0000000)
}
Event: 4327.245 GC heap before
{Heap before GC invocations=63 (full 13):
 PSYoungGen      total 253440K, used 157865K [0x00000007eaa80000, 0x00000007ff900000, 0x0000000800000000)
  eden space 163328K, 73% used [0x00000007eaa80000,0x00000007f1ef9650,0x00000007f4a00000)
  from space 90112K, 42% used [0x00000007f4a00000,0x00000007f6fb1190,0x00000007fa200000)
  to   space 84992K, 0% used [0x00000007fa600000,0x00000007fa600000,0x00000007ff900000)
 ParOldGen       total 342528K, used 121409K [0x00000007c0000000, 0x00000007d4e80000, 0x00000007eaa80000)
  object space 342528K, 35% used [0x00000007c0000000,0x00000007c7690698,0x00000007d4e80000)
 PSPermGen       total 262144K, used 262143K [0x00000007b0000000, 0x00000007c0000000, 0x00000007c0000000)
  object space 262144K, 99% used [0x00000007b0000000,0x00000007bfffffc8,0x00000007c0000000)
Event: 4327.341 GC heap after
Heap after GC invocations=63 (full 13):
 PSYoungGen      total 254464K, used 41445K [0x00000007eaa80000, 0x00000007ff400000, 0x0000000800000000)
  eden space 174592K, 0% used [0x00000007eaa80000,0x00000007eaa80000,0x00000007f5500000)
  from space 79872K, 51% used [0x00000007fa600000,0x00000007fce79530,0x00000007ff400000)
  to   space 81408K, 0% used [0x00000007f5500000,0x00000007f5500000,0x00000007fa480000)
 ParOldGen       total 342528K, used 121409K [0x00000007c0000000, 0x00000007d4e80000, 0x00000007eaa80000)
  object space 342528K, 35% used [0x00000007c0000000,0x00000007c7690698,0x00000007d4e80000)
 PSPermGen       total 262144K, used 262143K [0x00000007b0000000, 0x00000007c0000000, 0x00000007c0000000)
  object space 262144K, 99% used [0x00000007b0000000,0x00000007bfffffc8,0x00000007c0000000)
}
Event: 4327.342 GC heap before
{Heap before GC invocations=64 (full 14):
 PSYoungGen      total 254464K, used 41445K [0x00000007eaa80000, 0x00000007ff400000, 0x0000000800000000)
  eden space 174592K, 0% used [0x00000007eaa80000,0x00000007eaa80000,0x00000007f5500000)
  from space 79872K, 51% used [0x00000007fa600000,0x00000007fce79530,0x00000007ff400000)
  to   space 81408K, 0% used [0x00000007f5500000,0x00000007f5500000,0x00000007fa480000)
 ParOldGen       total 342528K, used 121409K [0x00000007c0000000, 0x00000007d4e80000, 0x00000007eaa80000)
  object space 342528K, 35% used [0x00000007c0000000,0x00000007c7690698,0x00000007d4e80000)
 PSPermGen       total 262144K, used 262143K [0x00000007b0000000, 0x00000007c0000000, 0x00000007c0000000)
  object space 262144K, 99% used [0x00000007b0000000,0x00000007bfffffc8,0x00000007c0000000)

Deoptimization events (10 events):
Event: 3078.387 Thread 0x00007fc1fb47f800 Uncommon trap: reason=unreached action=reinterpret pc=0x0000000109138480 method=java.util.concurrent.locks.ReentrantLock$Sync.nonfairTryAcquire(I)Z @ 34
Event: 3078.387 Thread 0x00007fc1fa1f8000 Uncommon trap: reason=unreached action=reinterpret pc=0x0000000109138480 method=java.util.concurrent.locks.ReentrantLock$Sync.nonfairTryAcquire(I)Z @ 34
Event: 3204.849 Thread 0x00007fc1fa815800 Uncommon trap: reason=array_check action=maybe_recompile pc=0x0000000109679d50 method=org.codehaus.groovy.reflection.ParameterTypes.makeCommonArray([Ljava/lang/Object;ILjava/lang/Class;)Ljava/lang/Object; @ 46
Event: 3205.430 Thread 0x00007fc1fa815800 Uncommon trap: reason=array_check action=maybe_recompile pc=0x0000000109679d50 method=org.codehaus.groovy.reflection.ParameterTypes.makeCommonArray([Ljava/lang/Object;ILjava/lang/Class;)Ljava/lang/Object; @ 46
Event: 3205.430 Thread 0x00007fc1fa815800 Uncommon trap: reason=array_check action=maybe_recompile pc=0x0000000109679d50 method=org.codehaus.groovy.reflection.ParameterTypes.makeCommonArray([Ljava/lang/Object;ILjava/lang/Class;)Ljava/lang/Object; @ 46
Event: 3205.675 Thread 0x00007fc1fa815800 Uncommon trap: reason=array_check action=maybe_recompile pc=0x0000000109679d50 method=org.codehaus.groovy.reflection.ParameterTypes.makeCommonArray([Ljava/lang/Object;ILjava/lang/Class;)Ljava/lang/Object; @ 46
Event: 4219.859 Thread 0x00007fc1fd4c9000 Uncommon trap: reason=class_check action=maybe_recompile pc=0x00000001092fbcbc method=java.util.TimSort.mergeLo(IIII)V @ 77
Event: 4219.859 Thread 0x00007fc1fd4c9000 Uncommon trap: reason=class_check action=maybe_recompile pc=0x00000001092fbcbc method=java.util.TimSort.mergeLo(IIII)V @ 77
Event: 4219.859 Thread 0x00007fc1fd4c9000 Uncommon trap: reason=class_check action=maybe_recompile pc=0x000000010956543c method=java.util.TimSort.mergeHi(IIII)V @ 91
Event: 4219.863 Thread 0x00007fc1fd4c9000 Uncommon trap: reason=range_check action=make_not_entrant pc=0x00000001096b493c method=java.text.SimpleDateFormat.format(Ljava/util/Date;Ljava/lang/StringBuffer;Ljava/text/Format$FieldDelegate;)Ljava/lang/StringBuffer; @ 48

Internal exceptions (10 events):
Event: 4327.240 Thread 0x00007fc1fb434800 Threw 0x00000007f1d0b3b0 at /HUDSON/workspace/7u-2-build-macosx-x86_64/jdk7u51/527/hotspot/src/share/vm/prims/jvm.cpp:1244
Event: 4327.241 Thread 0x00007fc1fb434800 Threw 0x00000007f1d1cb90 at /HUDSON/workspace/7u-2-build-macosx-x86_64/jdk7u51/527/hotspot/src/share/vm/prims/jvm.cpp:1244
Event: 4327.241 Thread 0x00007fc1fb434800 Threw 0x00000007f1d1dcd8 at /HUDSON/workspace/7u-2-build-macosx-x86_64/jdk7u51/527/hotspot/src/share/vm/prims/jvm.cpp:1244
Event: 4327.241 Thread 0x00007fc1fb434800 Threw 0x00000007f1d2bb70 at /HUDSON/workspace/7u-2-build-macosx-x86_64/jdk7u51/527/hotspot/src/share/vm/prims/jvm.cpp:1244
Event: 4327.241 Thread 0x00007fc1fb434800 Threw 0x00000007f1d390b8 at /HUDSON/workspace/7u-2-build-macosx-x86_64/jdk7u51/527/hotspot/src/share/vm/prims/jvm.cpp:1244
Event: 4327.241 Thread 0x00007fc1fb434800 Threw 0x00000007f1d3a218 at /HUDSON/workspace/7u-2-build-macosx-x86_64/jdk7u51/527/hotspot/src/share/vm/prims/jvm.cpp:1244
Event: 4327.241 Thread 0x00007fc1fb434800 Threw 0x00000007f1d482b8 at /HUDSON/workspace/7u-2-build-macosx-x86_64/jdk7u51/527/hotspot/src/share/vm/prims/jvm.cpp:1244
Event: 4327.242 Thread 0x00007fc1fb434800 Threw 0x00000007f1d53fd8 at /HUDSON/workspace/7u-2-build-macosx-x86_64/jdk7u51/527/hotspot/src/share/vm/prims/jvm.cpp:1244
Event: 4327.242 Thread 0x00007fc1fb434800 Threw 0x00000007f1d55168 at /HUDSON/workspace/7u-2-build-macosx-x86_64/jdk7u51/527/hotspot/src/share/vm/prims/jvm.cpp:1244
Event: 4327.242 Thread 0x00007fc1fb434800 Threw 0x00000007f1d63618 at /HUDSON/workspace/7u-2-build-macosx-x86_64/jdk7u51/527/hotspot/src/share/vm/prims/jvm.cpp:1244

Events (10 events):
Event: 4327.238 loading class 0x00007fc1fb8caa20 done
Event: 4327.239 loading class 0x00007fc1fb8dbce0
Event: 4327.239 loading class 0x00007fc1fb8dbce0 done
Event: 4327.241 loading class 0x00007fc1fb8d9a70
Event: 4327.241 loading class 0x00007fc1fb8d9a70 done
Event: 4327.241 loading class 0x00007fc1fb8df950
Event: 4327.241 loading class 0x00007fc1fb8df950 done
Event: 4327.242 loading class 0x00007fc1fb8d14a0
Event: 4327.242 loading class 0x00007fc1fb8d14a0 done
Event: 4327.245 Executing VM operation: ParallelGCFailedPermanentAllocation


Dynamic libraries:
0x0000000005b34000 	/System/Library/Frameworks/Cocoa.framework/Versions/A/Cocoa
0x0000000005b34000 	/System/Library/Frameworks/Security.framework/Versions/A/Security
0x0000000005b34000 	/System/Library/Frameworks/ApplicationServices.framework/Versions/A/ApplicationServices
0x0000000005b34000 	/usr/lib/libz.1.dylib
0x0000000005b34000 	/usr/lib/libSystem.B.dylib
0x0000000005b34000 	/usr/lib/libobjc.A.dylib
0x0000000005b34000 	/System/Library/Frameworks/CoreFoundation.framework/Versions/A/CoreFoundation
0x0000000005b34000 	/System/Library/Frameworks/Foundation.framework/Versions/C/Foundation
0x0000000005b34000 	/System/Library/Frameworks/AppKit.framework/Versions/C/AppKit
0x0000000005b34000 	/System/Library/Frameworks/CoreData.framework/Versions/A/CoreData
0x0000000005b34000 	/System/Library/PrivateFrameworks/RemoteViewServices.framework/Versions/A/RemoteViewServices
0x0000000005b34000 	/System/Library/Frameworks/AudioToolbox.framework/Versions/A/AudioToolbox
0x0000000005b34000 	/System/Library/Frameworks/AudioUnit.framework/Versions/A/AudioUnit
0x0000000005b34000 	/System/Library/PrivateFrameworks/DataDetectorsCore.framework/Versions/A/DataDetectorsCore
0x0000000005b34000 	/System/Library/PrivateFrameworks/DesktopServicesPriv.framework/Versions/A/DesktopServicesPriv
0x0000000005b34000 	/System/Library/Frameworks/Carbon.framework/Versions/A/Frameworks/HIToolbox.framework/Versions/A/HIToolbox
0x0000000005b34000 	/System/Library/Frameworks/QuartzCore.framework/Versions/A/QuartzCore
0x0000000005b34000 	/System/Library/Frameworks/Carbon.framework/Versions/A/Frameworks/SpeechRecognition.framework/Versions/A/SpeechRecognition
0x0000000005b34000 	/usr/lib/libauto.dylib
0x0000000005b34000 	/usr/lib/libicucore.A.dylib
0x0000000005b34000 	/usr/lib/libxml2.2.dylib
0x0000000005b34000 	/System/Library/PrivateFrameworks/CoreUI.framework/Versions/A/CoreUI
0x0000000005b34000 	/System/Library/Frameworks/CoreAudio.framework/Versions/A/CoreAudio
0x0000000005b34000 	/System/Library/Frameworks/DiskArbitration.framework/Versions/A/DiskArbitration
0x0000000005b34000 	/usr/lib/liblangid.dylib
0x0000000005b34000 	/System/Library/PrivateFrameworks/MultitouchSupport.framework/Versions/A/MultitouchSupport
0x0000000005b34000 	/System/Library/Frameworks/IOKit.framework/Versions/A/IOKit
0x0000000005b34000 	/usr/lib/libDiagnosticMessagesClient.dylib
0x0000000005b34000 	/System/Library/Frameworks/CoreServices.framework/Versions/A/CoreServices
0x0000000005b34000 	/System/Library/PrivateFrameworks/PerformanceAnalysis.framework/Versions/A/PerformanceAnalysis
0x0000000005b34000 	/System/Library/PrivateFrameworks/GenerationalStorage.framework/Versions/A/GenerationalStorage
0x0000000005b34000 	/System/Library/Frameworks/OpenGL.framework/Versions/A/OpenGL
0x0000000005b34000 	/System/Library/PrivateFrameworks/Sharing.framework/Versions/A/Sharing
0x0000000005b34000 	/System/Library/Frameworks/ImageIO.framework/Versions/A/ImageIO
0x0000000005b34000 	/System/Library/Frameworks/CoreText.framework/Versions/A/CoreText
0x0000000005b34000 	/System/Library/Frameworks/CoreGraphics.framework/Versions/A/CoreGraphics
0x0000000005b34000 	/System/Library/PrivateFrameworks/Backup.framework/Versions/A/Backup
0x0000000005b34000 	/System/Library/Frameworks/CFNetwork.framework/Versions/A/CFNetwork
0x0000000005b34000 	/System/Library/Frameworks/SystemConfiguration.framework/Versions/A/SystemConfiguration
0x0000000005b34000 	/usr/lib/libCRFSuite.dylib
0x0000000005b34000 	/usr/lib/libc++.1.dylib
0x0000000005b34000 	/usr/lib/libc++abi.dylib
0x0000000005b34000 	/usr/lib/system/libcache.dylib
0x0000000005b34000 	/usr/lib/system/libcommonCrypto.dylib
0x0000000005b34000 	/usr/lib/system/libcompiler_rt.dylib
0x0000000005b34000 	/usr/lib/system/libcopyfile.dylib
0x0000000005b34000 	/usr/lib/system/libcorecrypto.dylib
0x0000000005b34000 	/usr/lib/system/libdispatch.dylib
0x0000000005b34000 	/usr/lib/system/libdyld.dylib
0x0000000005b34000 	/usr/lib/system/libkeymgr.dylib
0x0000000005b34000 	/usr/lib/system/liblaunch.dylib
0x0000000005b34000 	/usr/lib/system/libmacho.dylib
0x0000000005b34000 	/usr/lib/system/libquarantine.dylib
0x0000000005b34000 	/usr/lib/system/libremovefile.dylib
0x0000000005b34000 	/usr/lib/system/libsystem_asl.dylib
0x0000000005b34000 	/usr/lib/system/libsystem_blocks.dylib
0x0000000005b34000 	/usr/lib/system/libsystem_c.dylib
0x0000000005b34000 	/usr/lib/system/libsystem_configuration.dylib
0x0000000005b34000 	/usr/lib/system/libsystem_dnssd.dylib
0x0000000005b34000 	/usr/lib/system/libsystem_info.dylib
0x0000000005b34000 	/usr/lib/system/libsystem_kernel.dylib
0x0000000005b34000 	/usr/lib/system/libsystem_m.dylib
0x0000000005b34000 	/usr/lib/system/libsystem_malloc.dylib
0x0000000005b34000 	/usr/lib/system/libsystem_network.dylib
0x0000000005b34000 	/usr/lib/system/libsystem_notify.dylib
0x0000000005b34000 	/usr/lib/system/libsystem_platform.dylib
0x0000000005b34000 	/usr/lib/system/libsystem_pthread.dylib
0x0000000005b34000 	/usr/lib/system/libsystem_sandbox.dylib
0x0000000005b34000 	/usr/lib/system/libsystem_stats.dylib
0x0000000005b34000 	/usr/lib/system/libunc.dylib
0x0000000005b34000 	/usr/lib/system/libunwind.dylib
0x0000000005b34000 	/usr/lib/system/libxpc.dylib
0x0000000005b34000 	/usr/lib/libbsm.0.dylib
0x0000000005b34000 	/usr/lib/libsqlite3.dylib
0x0000000005b34000 	/usr/lib/libxar.1.dylib
0x0000000005b34000 	/usr/lib/libpam.2.dylib
0x0000000005b34000 	/usr/lib/libOpenScriptingUtil.dylib
0x0000000005b34000 	/usr/lib/libbz2.1.0.dylib
0x0000000005b34000 	/System/Library/Frameworks/CoreServices.framework/Versions/A/Frameworks/CarbonCore.framework/Versions/A/CarbonCore
0x0000000005b34000 	/System/Library/Frameworks/CoreServices.framework/Versions/A/Frameworks/Metadata.framework/Versions/A/Metadata
0x0000000005b34000 	/System/Library/Frameworks/CoreServices.framework/Versions/A/Frameworks/OSServices.framework/Versions/A/OSServices
0x0000000005b34000 	/System/Library/Frameworks/CoreServices.framework/Versions/A/Frameworks/SearchKit.framework/Versions/A/SearchKit
0x0000000005b34000 	/System/Library/Frameworks/CoreServices.framework/Versions/A/Frameworks/AE.framework/Versions/A/AE
0x0000000005b34000 	/System/Library/Frameworks/CoreServices.framework/Versions/A/Frameworks/LaunchServices.framework/Versions/A/LaunchServices
0x0000000005b34000 	/System/Library/Frameworks/CoreServices.framework/Versions/A/Frameworks/DictionaryServices.framework/Versions/A/DictionaryServices
0x0000000005b34000 	/System/Library/Frameworks/NetFS.framework/Versions/A/NetFS
0x0000000005b34000 	/usr/lib/system/libkxld.dylib
0x0000000005b34000 	/System/Library/PrivateFrameworks/NetAuth.framework/Versions/A/NetAuth
0x0000000005b34000 	/System/Library/PrivateFrameworks/TCC.framework/Versions/A/TCC
0x0000000005b34000 	/System/Library/Frameworks/OpenDirectory.framework/Versions/A/Frameworks/CFOpenDirectory.framework/Versions/A/CFOpenDirectory
0x0000000005b34000 	/System/Library/Frameworks/ServiceManagement.framework/Versions/A/ServiceManagement
0x0000000005b34000 	/usr/lib/libxslt.1.dylib
0x0000000005b34000 	/System/Library/Frameworks/Carbon.framework/Versions/A/Frameworks/Ink.framework/Versions/A/Ink
0x0000000005b34000 	/System/Library/Frameworks/ApplicationServices.framework/Versions/A/Frameworks/ATS.framework/Versions/A/ATS
0x0000000005b34000 	/System/Library/Frameworks/ApplicationServices.framework/Versions/A/Frameworks/ColorSync.framework/Versions/A/ColorSync
0x0000000005b34000 	/System/Library/Frameworks/ApplicationServices.framework/Versions/A/Frameworks/HIServices.framework/Versions/A/HIServices
0x0000000005b34000 	/System/Library/Frameworks/ApplicationServices.framework/Versions/A/Frameworks/LangAnalysis.framework/Versions/A/LangAnalysis
0x0000000005b34000 	/System/Library/Frameworks/ApplicationServices.framework/Versions/A/Frameworks/PrintCore.framework/Versions/A/PrintCore
0x0000000005b34000 	/System/Library/Frameworks/ApplicationServices.framework/Versions/A/Frameworks/QD.framework/Versions/A/QD
0x0000000005b34000 	/System/Library/Frameworks/ApplicationServices.framework/Versions/A/Frameworks/SpeechSynthesis.framework/Versions/A/SpeechSynthesis
0x0000000005b34000 	/System/Library/Frameworks/IOSurface.framework/Versions/A/IOSurface
0x0000000005b34000 	/System/Library/Frameworks/Accelerate.framework/Versions/A/Accelerate
0x0000000005b34000 	/System/Library/Frameworks/Accelerate.framework/Versions/A/Frameworks/vImage.framework/Versions/A/vImage
0x0000000005b34000 	/System/Library/Frameworks/Accelerate.framework/Versions/A/Frameworks/vecLib.framework/Versions/A/vecLib
0x0000000005b34000 	/System/Library/Frameworks/Accelerate.framework/Versions/A/Frameworks/vecLib.framework/Versions/A/libvDSP.dylib
0x0000000005b34000 	/System/Library/Frameworks/Accelerate.framework/Versions/A/Frameworks/vecLib.framework/Versions/A/libvMisc.dylib
0x0000000005b34000 	/System/Library/Frameworks/Accelerate.framework/Versions/A/Frameworks/vecLib.framework/Versions/A/libLAPACK.dylib
0x0000000005b34000 	/System/Library/Frameworks/Accelerate.framework/Versions/A/Frameworks/vecLib.framework/Versions/A/libBLAS.dylib
0x0000000005b34000 	/System/Library/Frameworks/ApplicationServices.framework/Versions/A/Frameworks/ATS.framework/Versions/A/Resources/libFontParser.dylib
0x0000000005b34000 	/System/Library/Frameworks/ApplicationServices.framework/Versions/A/Frameworks/ATS.framework/Versions/A/Resources/libFontRegistry.dylib
0x0000000005b34000 	/System/Library/Frameworks/ImageIO.framework/Versions/A/Resources/libJPEG.dylib
0x0000000005b34000 	/System/Library/Frameworks/ImageIO.framework/Versions/A/Resources/libTIFF.dylib
0x0000000005b34000 	/System/Library/Frameworks/ImageIO.framework/Versions/A/Resources/libPng.dylib
0x0000000005b34000 	/System/Library/Frameworks/ImageIO.framework/Versions/A/Resources/libGIF.dylib
0x0000000005b34000 	/System/Library/Frameworks/ImageIO.framework/Versions/A/Resources/libJP2.dylib
0x0000000005b34000 	/System/Library/Frameworks/ImageIO.framework/Versions/A/Resources/libRadiance.dylib
0x0000000005b34000 	/usr/lib/libcups.2.dylib
0x0000000005b34000 	/System/Library/Frameworks/Kerberos.framework/Versions/A/Kerberos
0x0000000005b34000 	/System/Library/Frameworks/GSS.framework/Versions/A/GSS
0x0000000005b34000 	/usr/lib/libresolv.9.dylib
0x0000000005b34000 	/usr/lib/libiconv.2.dylib
0x0000000005b34000 	/System/Library/PrivateFrameworks/Heimdal.framework/Versions/A/Heimdal
0x0000000005b34000 	/System/Library/PrivateFrameworks/TrustEvaluationAgent.framework/Versions/A/TrustEvaluationAgent
0x0000000005b34000 	/usr/lib/libheimdal-asn1.dylib
0x0000000005b34000 	/System/Library/Frameworks/OpenDirectory.framework/Versions/A/OpenDirectory
0x0000000005b34000 	/System/Library/PrivateFrameworks/CommonAuth.framework/Versions/A/CommonAuth
0x0000000005b34000 	/System/Library/Frameworks/SecurityFoundation.framework/Versions/A/SecurityFoundation
0x0000000005b34000 	/System/Library/PrivateFrameworks/Bom.framework/Versions/A/Bom
0x0000000005b34000 	/System/Library/Frameworks/CoreVideo.framework/Versions/A/CoreVideo
0x0000000005b34000 	/System/Library/Frameworks/QuartzCore.framework/Versions/A/Frameworks/CoreImage.framework/Versions/A/CoreImage
0x0000000005b34000 	/System/Library/Frameworks/QuartzCore.framework/Versions/A/Frameworks/ScalableUserInterface.framework/Versions/A/ScalableUserInterface
0x0000000005b34000 	/System/Library/Frameworks/OpenGL.framework/Versions/A/Libraries/libGLU.dylib
0x0000000005b34000 	/System/Library/Frameworks/OpenGL.framework/Versions/A/Libraries/libGFXShared.dylib
0x0000000005b34000 	/System/Library/Frameworks/OpenGL.framework/Versions/A/Libraries/libGL.dylib
0x0000000005b34000 	/System/Library/Frameworks/OpenGL.framework/Versions/A/Libraries/libGLImage.dylib
0x0000000005b34000 	/System/Library/Frameworks/OpenGL.framework/Versions/A/Libraries/libCVMSPluginSupport.dylib
0x0000000005b34000 	/System/Library/Frameworks/OpenGL.framework/Versions/A/Libraries/libCoreVMClient.dylib
0x0000000005b34000 	/System/Library/PrivateFrameworks/FaceCore.framework/Versions/A/FaceCore
0x0000000005b34000 	/System/Library/PrivateFrameworks/CrashReporterSupport.framework/Versions/A/CrashReporterSupport
0x0000000005b34000 	/System/Library/Frameworks/OpenCL.framework/Versions/A/OpenCL
0x0000000005b34000 	/System/Library/PrivateFrameworks/AppleFSCompression.framework/Versions/A/AppleFSCompression
0x0000000005b34000 	/System/Library/PrivateFrameworks/Ubiquity.framework/Versions/A/Ubiquity
0x0000000005b34000 	/System/Library/PrivateFrameworks/IconServices.framework/Versions/A/IconServices
0x0000000005b34000 	/System/Library/PrivateFrameworks/ChunkingLibrary.framework/Versions/A/ChunkingLibrary
0x0000000005b34000 	/System/Library/PrivateFrameworks/CoreSymbolication.framework/Versions/A/CoreSymbolication
0x0000000005b34000 	/System/Library/PrivateFrameworks/Symbolication.framework/Versions/A/Symbolication
0x0000000005b34000 	/System/Library/PrivateFrameworks/DebugSymbols.framework/Versions/A/DebugSymbols
0x0000000108400000 	/Library/Java/JavaVirtualMachines/jdk1.7.0_51.jdk/Contents/Home/jre/lib/server/libjvm.dylib
0x0000000005b34000 	/usr/lib/libstdc++.6.dylib
0x0000000107b2e000 	/Library/Java/JavaVirtualMachines/jdk1.7.0_51.jdk/Contents/Home/jre/lib/libverify.dylib
0x0000000107b3b000 	/Library/Java/JavaVirtualMachines/jdk1.7.0_51.jdk/Contents/Home/jre/lib/libjava.dylib
0x0000000107b75000 	/Library/Java/JavaVirtualMachines/jdk1.7.0_51.jdk/Contents/Home/jre/lib/libzip.dylib
0x0000000110851000 	/System/Library/Frameworks/JavaVM.framework/Frameworks/JavaRuntimeSupport.framework/JavaRuntimeSupport
0x0000000110869000 	/System/Library/Frameworks/JavaVM.framework/Versions/A/Frameworks/JavaNativeFoundation.framework/Versions/A/JavaNativeFoundation
0x000000011087e000 	/System/Library/Frameworks/JavaVM.framework/Versions/A/JavaVM
0x0000000005b34000 	/System/Library/Frameworks/Carbon.framework/Versions/A/Carbon
0x000000011088b000 	/System/Library/PrivateFrameworks/JavaLaunching.framework/Versions/A/JavaLaunching
0x0000000005b34000 	/System/Library/Frameworks/Carbon.framework/Versions/A/Frameworks/CommonPanels.framework/Versions/A/CommonPanels
0x0000000005b34000 	/System/Library/Frameworks/Carbon.framework/Versions/A/Frameworks/Help.framework/Versions/A/Help
0x0000000005b34000 	/System/Library/Frameworks/Carbon.framework/Versions/A/Frameworks/ImageCapture.framework/Versions/A/ImageCapture
0x0000000005b34000 	/System/Library/Frameworks/Carbon.framework/Versions/A/Frameworks/OpenScripting.framework/Versions/A/OpenScripting
0x0000000005b34000 	/System/Library/Frameworks/Carbon.framework/Versions/A/Frameworks/Print.framework/Versions/A/Print
0x0000000005b34000 	/System/Library/Frameworks/Carbon.framework/Versions/A/Frameworks/SecurityHI.framework/Versions/A/SecurityHI
0x0000000111167000 	/Library/Java/JavaVirtualMachines/jdk1.7.0_51.jdk/Contents/Home/jre/lib/libnet.dylib
0x00000001111c4000 	/Library/Java/JavaVirtualMachines/jdk1.7.0_51.jdk/Contents/Home/jre/lib/libnio.dylib
0x00000001114d9000 	/private/var/folders/wh/9jpthn7d7fvdm_030w7d3npm0000gn/T/native-platform167269876558240012dir/libnative-platform.dylib

VM Arguments:
jvm_args: -XX:MaxPermSize=256m -XX:+HeapDumpOnOutOfMemoryError -Xmx1024m -Dfile.encoding=UTF-8 
java_command: org.gradle.launcher.daemon.bootstrap.GradleDaemon 1.12 /Users/sidwyn/.gradle/daemon 10800000 d6b7b936-8177-494c-b70e-2b1077079d76 -XX:MaxPermSize=256m -XX:+HeapDumpOnOutOfMemoryError -Xmx1024m -Dfile.encoding=UTF-8
Launcher Type: SUN_STANDARD

Environment Variables:
PATH=/usr/bin:/bin:/usr/sbin:/sbin
SHELL=/bin/bash
DISPLAY=/tmp/launch-KQgJuK/org.macosforge.xquartz:0

Signal Handlers:
SIGSEGV: [libjvm.dylib+0x525425], sa_mask[0]=0xfffefeff, sa_flags=0x00000043
SIGBUS: [libjvm.dylib+0x525425], sa_mask[0]=0xfffefeff, sa_flags=0x00000042
SIGFPE: [libjvm.dylib+0x41892a], sa_mask[0]=0xfffefeff, sa_flags=0x00000042
SIGPIPE: [libjvm.dylib+0x41892a], sa_mask[0]=0xfffefeff, sa_flags=0x00000042
SIGXFSZ: [libjvm.dylib+0x41892a], sa_mask[0]=0xfffefeff, sa_flags=0x00000042
SIGILL: [libjvm.dylib+0x41892a], sa_mask[0]=0xfffefeff, sa_flags=0x00000042
SIGUSR1: SIG_DFL, sa_mask[0]=0x00000000, sa_flags=0x00000002
SIGUSR2: [libjvm.dylib+0x41841c], sa_mask[0]=0x00000004, sa_flags=0x00000042
SIGHUP: [libjvm.dylib+0x4166ab], sa_mask[0]=0xfffefeff, sa_flags=0x00000042
SIGINT: [libjvm.dylib+0x4166ab], sa_mask[0]=0xfffefeff, sa_flags=0x00000042
SIGTERM: [libjvm.dylib+0x4166ab], sa_mask[0]=0xfffefeff, sa_flags=0x00000042
SIGQUIT: [libjvm.dylib+0x4166ab], sa_mask[0]=0xfffefeff, sa_flags=0x00000042


---------------  S Y S T E M  ---------------

OS:Bsduname:Darwin 13.3.0 Darwin Kernel Version 13.3.0: Tue Jun  3 21:27:35 PDT 2014; root:xnu-2422.110.17~1/RELEASE_X86_64 x86_64
rlimit: STACK 8192k, CORE 0k, NPROC 709, NOFILE 10240, AS infinity
load average:2.17 2.07 2.20

CPU:total 4 (2 cores per cpu, 2 threads per core) family 6 model 69 stepping 1, cmov, cx8, fxsr, mmx, sse, sse2, sse3, ssse3, sse4.1, sse4.2, popcnt, avx, avx2, aes, erms, ht, tsc, tscinvbit

Memory: 4k page, physical 8388608k(2097152k free)

/proc/meminfo:


vm_info: Java HotSpot(TM) 64-Bit Server VM (24.51-b03) for bsd-amd64 JRE (1.7.0_51-b13), built on Dec 18 2013 18:45:56 by "java_re" with gcc 4.2.1 (Based on Apple Inc. build 5658) (LLVM build 2336.11.00)

time: Fri Sep 12 13:02:11 2014
elapsed time: 4327 seconds

